# Logfile created on 2013-12-31 06:25:01 +0900 by logger.rb/31641
I, [2013-12-31T06:25:01.070407 #36564]  INFO -- : 0:  rake (10.1.0) from /Users/t32k/.rbenv/versions/1.9.3-p484/lib/ruby/gems/1.9.1/specifications/rake-10.1.0.gemspec
I, [2013-12-31T06:25:05.133911 #36564]  INFO -- : 0:  RedCloth (4.2.9) from /Users/t32k/.rbenv/versions/1.9.3-p484/lib/ruby/gems/1.9.1/specifications/RedCloth-4.2.9.gemspec
I, [2013-12-31T06:25:06.663948 #36564]  INFO -- : 0:  fast-stemmer (1.0.2) from /Users/t32k/.rbenv/versions/1.9.3-p484/lib/ruby/gems/1.9.1/specifications/fast-stemmer-1.0.2.gemspec
I, [2013-12-31T06:25:08.033679 #36564]  INFO -- : 0:  classifier (1.3.3) from /Users/t32k/.rbenv/versions/1.9.3-p484/lib/ruby/gems/1.9.1/specifications/classifier-1.3.3.gemspec
I, [2013-12-31T06:25:09.304949 #36564]  INFO -- : 0:  colorator (0.1) from /Users/t32k/.rbenv/versions/1.9.3-p484/lib/ruby/gems/1.9.1/specifications/colorator-0.1.gemspec
I, [2013-12-31T06:25:09.305341 #36564]  INFO -- : 0:  highline (1.6.20) from /Users/t32k/.rbenv/versions/1.9.3-p484/lib/ruby/gems/1.9.1/specifications/highline-1.6.20.gemspec
I, [2013-12-31T06:25:10.986057 #36564]  INFO -- : 0:  commander (4.1.5) from /Users/t32k/.rbenv/versions/1.9.3-p484/lib/ruby/gems/1.9.1/specifications/commander-4.1.5.gemspec
I, [2013-12-31T06:25:12.360042 #36564]  INFO -- : 0:  execjs (2.0.2) from /Users/t32k/.rbenv/versions/1.9.3-p484/lib/ruby/gems/1.9.1/specifications/execjs-2.0.2.gemspec
I, [2013-12-31T06:25:12.360394 #36564]  INFO -- : 0:  ffi (1.9.3) from /Users/t32k/.rbenv/versions/1.9.3-p484/lib/ruby/gems/1.9.1/specifications/ffi-1.9.3.gemspec
I, [2013-12-31T06:25:13.916703 #36564]  INFO -- : 0:  liquid (2.5.4) from /Users/t32k/.rbenv/versions/1.9.3-p484/lib/ruby/gems/1.9.1/specifications/liquid-2.5.4.gemspec
I, [2013-12-31T06:25:15.422812 #36564]  INFO -- : 0:  rb-fsevent (0.9.3) from /Users/t32k/.rbenv/versions/1.9.3-p484/lib/ruby/gems/1.9.1/specifications/rb-fsevent-0.9.3.gemspec
I, [2013-12-31T06:25:16.790833 #36564]  INFO -- : 0:  rb-inotify (0.9.3) from /Users/t32k/.rbenv/versions/1.9.3-p484/lib/ruby/gems/1.9.1/specifications/rb-inotify-0.9.3.gemspec
I, [2013-12-31T06:25:18.245660 #36564]  INFO -- : 0:  rb-kqueue (0.2.0) from /Users/t32k/.rbenv/versions/1.9.3-p484/lib/ruby/gems/1.9.1/specifications/rb-kqueue-0.2.0.gemspec
I, [2013-12-31T06:25:19.655478 #36564]  INFO -- : 0:  listen (1.3.1) from /Users/t32k/.rbenv/versions/1.9.3-p484/lib/ruby/gems/1.9.1/specifications/listen-1.3.1.gemspec
I, [2013-12-31T06:25:21.137877 #36564]  INFO -- : 0:  syntax (1.1.0) from /Users/t32k/.rbenv/versions/1.9.3-p484/lib/ruby/gems/1.9.1/specifications/syntax-1.1.0.gemspec
I, [2013-12-31T06:25:23.129288 #36564]  INFO -- : 0:  maruku (0.6.1) from /Users/t32k/.rbenv/versions/1.9.3-p484/lib/ruby/gems/1.9.1/specifications/maruku-0.6.1.gemspec
I, [2013-12-31T06:25:24.691021 #36564]  INFO -- : 0:  posix-spawn (0.3.8) from /Users/t32k/.rbenv/versions/1.9.3-p484/lib/ruby/gems/1.9.1/specifications/posix-spawn-0.3.8.gemspec
I, [2013-12-31T06:25:27.914900 #36564]  INFO -- : 0:  yajl-ruby (1.1.0) from /Users/t32k/.rbenv/versions/1.9.3-p484/lib/ruby/gems/1.9.1/specifications/yajl-ruby-1.1.0.gemspec
I, [2013-12-31T06:25:32.044145 #36564]  INFO -- : 0:  pygments.rb (0.5.4) from /Users/t32k/.rbenv/versions/1.9.3-p484/lib/ruby/gems/1.9.1/specifications/pygments.rb-0.5.4.gemspec
I, [2013-12-31T06:25:34.575347 #36564]  INFO -- : 0:  redcarpet (2.3.0) from /Users/t32k/.rbenv/versions/1.9.3-p484/lib/ruby/gems/1.9.1/specifications/redcarpet-2.3.0.gemspec
I, [2013-12-31T06:25:36.243715 #36564]  INFO -- : 0:  safe_yaml (0.9.7) from /Users/t32k/.rbenv/versions/1.9.3-p484/lib/ruby/gems/1.9.1/specifications/safe_yaml-0.9.7.gemspec
I, [2013-12-31T06:25:38.372125 #36564]  INFO -- : 0:  jekyll (1.3.1) from /Users/t32k/.rbenv/versions/1.9.3-p484/lib/ruby/gems/1.9.1/specifications/jekyll-1.3.1.gemspec
I, [2013-12-31T06:25:41.066956 #36564]  INFO -- : 0:  kramdown (1.2.0) from /Users/t32k/.rbenv/versions/1.9.3-p484/lib/ruby/gems/1.9.1/specifications/kramdown-1.2.0.gemspec
I, [2013-12-31T06:25:44.429432 #36564]  INFO -- : 0:  rdiscount (2.1.7) from /Users/t32k/.rbenv/versions/1.9.3-p484/lib/ruby/gems/1.9.1/specifications/rdiscount-2.1.7.gemspec
I, [2013-12-31T06:25:45.886651 #36564]  INFO -- : 0:  github-pages (11) from /Users/t32k/.rbenv/versions/1.9.3-p484/lib/ruby/gems/1.9.1/specifications/github-pages-11.gemspec
I, [2013-12-31T06:25:47.237344 #36564]  INFO -- : 0:  hike (1.2.3) from /Users/t32k/.rbenv/versions/1.9.3-p484/lib/ruby/gems/1.9.1/specifications/hike-1.2.3.gemspec
I, [2013-12-31T06:25:47.237821 #36564]  INFO -- : 0:  multi_json (1.8.2) from /Users/t32k/.rbenv/versions/1.9.3-p484/lib/ruby/gems/1.9.1/specifications/multi_json-1.8.2.gemspec
I, [2013-12-31T06:25:49.272493 #36564]  INFO -- : 0:  rack (1.5.2) from /Users/t32k/.rbenv/versions/1.9.3-p484/lib/ruby/gems/1.9.1/specifications/rack-1.5.2.gemspec
I, [2013-12-31T06:25:50.777685 #36564]  INFO -- : 0:  tilt (1.4.1) from /Users/t32k/.rbenv/versions/1.9.3-p484/lib/ruby/gems/1.9.1/specifications/tilt-1.4.1.gemspec
I, [2013-12-31T06:25:52.363587 #36564]  INFO -- : 0:  sprockets (2.10.1) from /Users/t32k/.rbenv/versions/1.9.3-p484/lib/ruby/gems/1.9.1/specifications/sprockets-2.10.1.gemspec
I, [2013-12-31T06:25:53.935796 #36564]  INFO -- : 0:  jekyll-assets (0.7.4) from /Users/t32k/.rbenv/versions/1.9.3-p484/lib/ruby/gems/1.9.1/specifications/jekyll-assets-0.7.4.gemspec
I, [2013-12-31T06:25:56.211305 #36564]  INFO -- : 0:  json (1.8.1) from /Users/t32k/.rbenv/versions/1.9.3-p484/lib/ruby/gems/1.9.1/specifications/json-1.8.1.gemspec
I, [2013-12-31T06:25:58.331692 #36564]  INFO -- : 0:  sass (3.2.12) from /Users/t32k/.rbenv/versions/1.9.3-p484/lib/ruby/gems/1.9.1/specifications/sass-3.2.12.gemspec
I, [2013-12-31T06:26:00.091332 #36564]  INFO -- : 0:  uglifier (2.3.3) from /Users/t32k/.rbenv/versions/1.9.3-p484/lib/ruby/gems/1.9.1/specifications/uglifier-2.3.3.gemspec
I, [2013-12-31T06:26:00.091730 #36564]  INFO -- : 0:  bundler (1.5.1) from /Users/t32k/.rbenv/versions/1.9.3-p484/lib/ruby/gems/1.9.1/specifications/bundler-1.5.1.gemspec
I, [2014-03-09T20:34:49.098957 #2160]  INFO -- : 0:  rake (10.1.0) from /Users/t32k/.rbenv/versions/1.9.3-p484/lib/ruby/gems/1.9.1/specifications/rake-10.1.0.gemspec
I, [2014-03-09T20:34:49.100310 #2160]  INFO -- : 0:  RedCloth (4.2.9) from /Users/t32k/.rbenv/versions/1.9.3-p484/lib/ruby/gems/1.9.1/specifications/RedCloth-4.2.9.gemspec
I, [2014-03-09T20:34:49.100610 #2160]  INFO -- : 0:  fast-stemmer (1.0.2) from /Users/t32k/.rbenv/versions/1.9.3-p484/lib/ruby/gems/1.9.1/specifications/fast-stemmer-1.0.2.gemspec
I, [2014-03-09T20:34:49.100962 #2160]  INFO -- : 0:  classifier (1.3.3) from /Users/t32k/.rbenv/versions/1.9.3-p484/lib/ruby/gems/1.9.1/specifications/classifier-1.3.3.gemspec
I, [2014-03-09T20:34:49.101338 #2160]  INFO -- : 0:  colorator (0.1) from /Users/t32k/.rbenv/versions/1.9.3-p484/lib/ruby/gems/1.9.1/specifications/colorator-0.1.gemspec
I, [2014-03-09T20:34:49.101755 #2160]  INFO -- : 0:  highline (1.6.20) from /Users/t32k/.rbenv/versions/1.9.3-p484/lib/ruby/gems/1.9.1/specifications/highline-1.6.20.gemspec
I, [2014-03-09T20:34:49.102078 #2160]  INFO -- : 0:  commander (4.1.5) from /Users/t32k/.rbenv/versions/1.9.3-p484/lib/ruby/gems/1.9.1/specifications/commander-4.1.5.gemspec
I, [2014-03-09T20:34:49.102428 #2160]  INFO -- : 0:  execjs (2.0.2) from /Users/t32k/.rbenv/versions/1.9.3-p484/lib/ruby/gems/1.9.1/specifications/execjs-2.0.2.gemspec
I, [2014-03-09T20:34:49.102786 #2160]  INFO -- : 0:  ffi (1.9.3) from /Users/t32k/.rbenv/versions/1.9.3-p484/lib/ruby/gems/1.9.1/specifications/ffi-1.9.3.gemspec
I, [2014-03-09T20:34:49.103143 #2160]  INFO -- : 0:  liquid (2.5.4) from /Users/t32k/.rbenv/versions/1.9.3-p484/lib/ruby/gems/1.9.1/specifications/liquid-2.5.4.gemspec
I, [2014-03-09T20:34:49.103455 #2160]  INFO -- : 0:  rb-fsevent (0.9.3) from /Users/t32k/.rbenv/versions/1.9.3-p484/lib/ruby/gems/1.9.1/specifications/rb-fsevent-0.9.3.gemspec
I, [2014-03-09T20:34:49.103831 #2160]  INFO -- : 0:  rb-inotify (0.9.3) from /Users/t32k/.rbenv/versions/1.9.3-p484/lib/ruby/gems/1.9.1/specifications/rb-inotify-0.9.3.gemspec
I, [2014-03-09T20:34:49.104112 #2160]  INFO -- : 0:  rb-kqueue (0.2.0) from /Users/t32k/.rbenv/versions/1.9.3-p484/lib/ruby/gems/1.9.1/specifications/rb-kqueue-0.2.0.gemspec
I, [2014-03-09T20:34:49.104375 #2160]  INFO -- : 0:  listen (1.3.1) from /Users/t32k/.rbenv/versions/1.9.3-p484/lib/ruby/gems/1.9.1/specifications/listen-1.3.1.gemspec
I, [2014-03-09T20:34:49.104645 #2160]  INFO -- : 0:  syntax (1.1.0) from /Users/t32k/.rbenv/versions/1.9.3-p484/lib/ruby/gems/1.9.1/specifications/syntax-1.1.0.gemspec
I, [2014-03-09T20:34:49.104893 #2160]  INFO -- : 0:  maruku (0.6.1) from /Users/t32k/.rbenv/versions/1.9.3-p484/lib/ruby/gems/1.9.1/specifications/maruku-0.6.1.gemspec
I, [2014-03-09T20:34:49.105154 #2160]  INFO -- : 0:  posix-spawn (0.3.8) from /Users/t32k/.rbenv/versions/1.9.3-p484/lib/ruby/gems/1.9.1/specifications/posix-spawn-0.3.8.gemspec
I, [2014-03-09T20:34:49.105441 #2160]  INFO -- : 0:  yajl-ruby (1.1.0) from /Users/t32k/.rbenv/versions/1.9.3-p484/lib/ruby/gems/1.9.1/specifications/yajl-ruby-1.1.0.gemspec
I, [2014-03-09T20:34:49.105735 #2160]  INFO -- : 0:  pygments.rb (0.5.4) from /Users/t32k/.rbenv/versions/1.9.3-p484/lib/ruby/gems/1.9.1/specifications/pygments.rb-0.5.4.gemspec
I, [2014-03-09T20:34:49.106025 #2160]  INFO -- : 0:  redcarpet (2.3.0) from /Users/t32k/.rbenv/versions/1.9.3-p484/lib/ruby/gems/1.9.1/specifications/redcarpet-2.3.0.gemspec
I, [2014-03-09T20:34:49.106311 #2160]  INFO -- : 0:  safe_yaml (0.9.7) from /Users/t32k/.rbenv/versions/1.9.3-p484/lib/ruby/gems/1.9.1/specifications/safe_yaml-0.9.7.gemspec
I, [2014-03-09T20:34:49.106585 #2160]  INFO -- : 0:  jekyll (1.3.1) from /Users/t32k/.rbenv/versions/1.9.3-p484/lib/ruby/gems/1.9.1/specifications/jekyll-1.3.1.gemspec
I, [2014-03-09T20:34:49.106856 #2160]  INFO -- : 0:  kramdown (1.2.0) from /Users/t32k/.rbenv/versions/1.9.3-p484/lib/ruby/gems/1.9.1/specifications/kramdown-1.2.0.gemspec
I, [2014-03-09T20:34:49.107117 #2160]  INFO -- : 0:  rdiscount (2.1.7) from /Users/t32k/.rbenv/versions/1.9.3-p484/lib/ruby/gems/1.9.1/specifications/rdiscount-2.1.7.gemspec
I, [2014-03-09T20:34:49.107363 #2160]  INFO -- : 0:  github-pages (11) from /Users/t32k/.rbenv/versions/1.9.3-p484/lib/ruby/gems/1.9.1/specifications/github-pages-11.gemspec
I, [2014-03-09T20:34:49.107606 #2160]  INFO -- : 0:  hike (1.2.3) from /Users/t32k/.rbenv/versions/1.9.3-p484/lib/ruby/gems/1.9.1/specifications/hike-1.2.3.gemspec
I, [2014-03-09T20:34:49.107907 #2160]  INFO -- : 0:  multi_json (1.8.2) from /Users/t32k/.rbenv/versions/1.9.3-p484/lib/ruby/gems/1.9.1/specifications/multi_json-1.8.2.gemspec
I, [2014-03-09T20:34:49.108179 #2160]  INFO -- : 0:  rack (1.5.2) from /Users/t32k/.rbenv/versions/1.9.3-p484/lib/ruby/gems/1.9.1/specifications/rack-1.5.2.gemspec
I, [2014-03-09T20:34:49.108446 #2160]  INFO -- : 0:  tilt (1.4.1) from /Users/t32k/.rbenv/versions/1.9.3-p484/lib/ruby/gems/1.9.1/specifications/tilt-1.4.1.gemspec
I, [2014-03-09T20:34:49.108710 #2160]  INFO -- : 0:  sprockets (2.10.1) from /Users/t32k/.rbenv/versions/1.9.3-p484/lib/ruby/gems/1.9.1/specifications/sprockets-2.10.1.gemspec
I, [2014-03-09T20:34:49.108961 #2160]  INFO -- : 0:  jekyll-assets (0.7.4) from /Users/t32k/.rbenv/versions/1.9.3-p484/lib/ruby/gems/1.9.1/specifications/jekyll-assets-0.7.4.gemspec
I, [2014-03-09T20:34:49.109220 #2160]  INFO -- : 0:  json (1.8.1) from /Users/t32k/.rbenv/versions/1.9.3-p484/lib/ruby/gems/1.9.1/specifications/json-1.8.1.gemspec
I, [2014-03-09T20:34:49.109464 #2160]  INFO -- : 0:  sass (3.2.12) from /Users/t32k/.rbenv/versions/1.9.3-p484/lib/ruby/gems/1.9.1/specifications/sass-3.2.12.gemspec
I, [2014-03-09T20:34:49.113242 #2160]  INFO -- : 0:  uglifier (2.3.3) from /Users/t32k/.rbenv/versions/1.9.3-p484/lib/ruby/gems/1.9.1/specifications/uglifier-2.3.3.gemspec
I, [2014-03-09T20:34:49.113522 #2160]  INFO -- : 0:  bundler (1.5.1) from /Users/t32k/.rbenv/versions/1.9.3-p484/lib/ruby/gems/1.9.1/specifications/bundler-1.5.1.gemspec
